<?xml version="1.0" encoding="UTF-8"?>
<testng-results ignored="0" total="1" passed="1" failed="0" skipped="0">
  <reporter-output>
    <line>
      <![CDATA[hello   tojava]]>
    </line>
  </reporter-output>
  <suite started-at="2023-01-16T17:33:27 IST" name="Default suite" finished-at="2023-01-16T17:33:27 IST" duration-ms="139">
    <groups>
    </groups>
    <test started-at="2023-01-16T17:33:27 IST" name="Default test" finished-at="2023-01-16T17:33:27 IST" duration-ms="139">
      <class name="basic.Tc1">
        <test-method signature="demo()[pri:0, instance:basic.Tc1@73ee04c8]" started-at="2023-01-16T17:33:27 IST" name="demo" finished-at="2023-01-16T17:33:27 IST" duration-ms="29" status="PASS">
          <reporter-output>
            <line>
              <![CDATA[hello   tojava]]>
            </line>
          </reporter-output>
        </test-method> <!-- demo -->
      </class> <!-- basic.Tc1 -->
    </test> <!-- Default test -->
  </suite> <!-- Default suite -->
</testng-results>
